  ooc assigment 2 test 1.0.cpp
C:\Users\lasit\Desktop\test program\C++\ooc assigment 2 test 1.0\ooc assigment 2 test 1.0\ooc assigment 2 test 1.0.cpp(20,2): error C4996: 'strcpy': This function or variable may be unsafe. Consider using strcpy_s instead. To disable deprecation, use _CRT_SECURE_NO_WARNINGS. See online help for details.
C:\Users\lasit\Desktop\test program\C++\ooc assigment 2 test 1.0\ooc assigment 2 test 1.0\ooc assigment 2 test 1.0.cpp(21,2): error C4996: 'strcpy': This function or variable may be unsafe. Consider using strcpy_s instead. To disable deprecation, use _CRT_SECURE_NO_WARNINGS. See online help for details.
C:\Users\lasit\Desktop\test program\C++\ooc assigment 2 test 1.0\ooc assigment 2 test 1.0\ooc assigment 2 test 1.0.cpp(51,2): error C4996: 'strcpy': This function or variable may be unsafe. Consider using strcpy_s instead. To disable deprecation, use _CRT_SECURE_NO_WARNINGS. See online help for details.
C:\Users\lasit\Desktop\test program\C++\ooc assigment 2 test 1.0\ooc assigment 2 test 1.0\ooc assigment 2 test 1.0.cpp(52,2): error C4996: 'strcpy': This function or variable may be unsafe. Consider using strcpy_s instead. To disable deprecation, use _CRT_SECURE_NO_WARNINGS. See online help for details.
C:\Users\lasit\Desktop\test program\C++\ooc assigment 2 test 1.0\ooc assigment 2 test 1.0\ooc assigment 2 test 1.0.cpp(85,2): error C4996: 'strcpy': This function or variable may be unsafe. Consider using strcpy_s instead. To disable deprecation, use _CRT_SECURE_NO_WARNINGS. See online help for details.
C:\Users\lasit\Desktop\test program\C++\ooc assigment 2 test 1.0\ooc assigment 2 test 1.0\ooc assigment 2 test 1.0.cpp(86,2): error C4996: 'strcpy': This function or variable may be unsafe. Consider using strcpy_s instead. To disable deprecation, use _CRT_SECURE_NO_WARNINGS. See online help for details.
C:\Users\lasit\Desktop\test program\C++\ooc assigment 2 test 1.0\ooc assigment 2 test 1.0\ooc assigment 2 test 1.0.cpp(122,2): error C4996: 'strcpy': This function or variable may be unsafe. Consider using strcpy_s instead. To disable deprecation, use _CRT_SECURE_NO_WARNINGS. See online help for details.
C:\Users\lasit\Desktop\test program\C++\ooc assigment 2 test 1.0\ooc assigment 2 test 1.0\ooc assigment 2 test 1.0.cpp(123,2): error C4996: 'strcpy': This function or variable may be unsafe. Consider using strcpy_s instead. To disable deprecation, use _CRT_SECURE_NO_WARNINGS. See online help for details.
C:\Users\lasit\Desktop\test program\C++\ooc assigment 2 test 1.0\ooc assigment 2 test 1.0\ooc assigment 2 test 1.0.cpp(124,2): error C4996: 'strcpy': This function or variable may be unsafe. Consider using strcpy_s instead. To disable deprecation, use _CRT_SECURE_NO_WARNINGS. See online help for details.
C:\Users\lasit\Desktop\test program\C++\ooc assigment 2 test 1.0\ooc assigment 2 test 1.0\ooc assigment 2 test 1.0.cpp(193,2): error C4996: 'strcpy': This function or variable may be unsafe. Consider using strcpy_s instead. To disable deprecation, use _CRT_SECURE_NO_WARNINGS. See online help for details.
C:\Users\lasit\Desktop\test program\C++\ooc assigment 2 test 1.0\ooc assigment 2 test 1.0\ooc assigment 2 test 1.0.cpp(194,2): error C4996: 'strcpy': This function or variable may be unsafe. Consider using strcpy_s instead. To disable deprecation, use _CRT_SECURE_NO_WARNINGS. See online help for details.
C:\Users\lasit\Desktop\test program\C++\ooc assigment 2 test 1.0\ooc assigment 2 test 1.0\ooc assigment 2 test 1.0.cpp(195,2): error C4996: 'strcpy': This function or variable may be unsafe. Consider using strcpy_s instead. To disable deprecation, use _CRT_SECURE_NO_WARNINGS. See online help for details.
C:\Users\lasit\Desktop\test program\C++\ooc assigment 2 test 1.0\ooc assigment 2 test 1.0\ooc assigment 2 test 1.0.cpp(276,3): error C2146: syntax error: missing ':' before identifier 'Reservation'
C:\Users\lasit\Desktop\test program\C++\ooc assigment 2 test 1.0\ooc assigment 2 test 1.0\ooc assigment 2 test 1.0.cpp(276,30): error C2238: unexpected token(s) preceding ';'
C:\Users\lasit\Desktop\test program\C++\ooc assigment 2 test 1.0\ooc assigment 2 test 1.0\ooc assigment 2 test 1.0.cpp(284,1): error C2511: 'Reservation::Reservation(const char *)': overloaded member function not found in 'Reservation'
C:\Users\lasit\Desktop\test program\C++\ooc assigment 2 test 1.0\ooc assigment 2 test 1.0\ooc assigment 2 test 1.0.cpp(268): message : see declaration of 'Reservation'
C:\Users\lasit\Desktop\test program\C++\ooc assigment 2 test 1.0\ooc assigment 2 test 1.0\ooc assigment 2 test 1.0.cpp(286,9): error C2597: illegal reference to non-static member 'Reservation::reservationID'
C:\Users\lasit\Desktop\test program\C++\ooc assigment 2 test 1.0\ooc assigment 2 test 1.0\ooc assigment 2 test 1.0.cpp(272): message : see declaration of 'Reservation::reservationID'
C:\Users\lasit\Desktop\test program\C++\ooc assigment 2 test 1.0\ooc assigment 2 test 1.0\ooc assigment 2 test 1.0.cpp(341,2): error C4996: 'strcpy': This function or variable may be unsafe. Consider using strcpy_s instead. To disable deprecation, use _CRT_SECURE_NO_WARNINGS. See online help for details.
C:\Users\lasit\Desktop\test program\C++\ooc assigment 2 test 1.0\ooc assigment 2 test 1.0\ooc assigment 2 test 1.0.cpp(374,2): error C4996: 'strcpy': This function or variable may be unsafe. Consider using strcpy_s instead. To disable deprecation, use _CRT_SECURE_NO_WARNINGS. See online help for details.
C:\Users\lasit\Desktop\test program\C++\ooc assigment 2 test 1.0\ooc assigment 2 test 1.0\ooc assigment 2 test 1.0.cpp(411,2): error C4996: 'strcpy': This function or variable may be unsafe. Consider using strcpy_s instead. To disable deprecation, use _CRT_SECURE_NO_WARNINGS. See online help for details.
C:\Users\lasit\Desktop\test program\C++\ooc assigment 2 test 1.0\ooc assigment 2 test 1.0\ooc assigment 2 test 1.0.cpp(412,2): error C4996: 'strcpy': This function or variable may be unsafe. Consider using strcpy_s instead. To disable deprecation, use _CRT_SECURE_NO_WARNINGS. See online help for details.
C:\Users\lasit\Desktop\test program\C++\ooc assigment 2 test 1.0\ooc assigment 2 test 1.0\ooc assigment 2 test 1.0.cpp(413,2): error C4996: 'strcpy': This function or variable may be unsafe. Consider using strcpy_s instead. To disable deprecation, use _CRT_SECURE_NO_WARNINGS. See online help for details.
C:\Users\lasit\Desktop\test program\C++\ooc assigment 2 test 1.0\ooc assigment 2 test 1.0\ooc assigment 2 test 1.0.cpp(427,8): error C2143: syntax error: missing ';' before '*'
C:\Users\lasit\Desktop\test program\C++\ooc assigment 2 test 1.0\ooc assigment 2 test 1.0\ooc assigment 2 test 1.0.cpp(427,8): error C4430: missing type specifier - int assumed. Note: C++ does not support default-int
C:\Users\lasit\Desktop\test program\C++\ooc assigment 2 test 1.0\ooc assigment 2 test 1.0\ooc assigment 2 test 1.0.cpp(427,19): error C2238: unexpected token(s) preceding ';'
C:\Users\lasit\Desktop\test program\C++\ooc assigment 2 test 1.0\ooc assigment 2 test 1.0\ooc assigment 2 test 1.0.cpp(447,2): error C4996: 'strcpy': This function or variable may be unsafe. Consider using strcpy_s instead. To disable deprecation, use _CRT_SECURE_NO_WARNINGS. See online help for details.
C:\Users\lasit\Desktop\test program\C++\ooc assigment 2 test 1.0\ooc assigment 2 test 1.0\ooc assigment 2 test 1.0.cpp(448,2): error C4996: 'strcpy': This function or variable may be unsafe. Consider using strcpy_s instead. To disable deprecation, use _CRT_SECURE_NO_WARNINGS. See online help for details.
C:\Users\lasit\Desktop\test program\C++\ooc assigment 2 test 1.0\ooc assigment 2 test 1.0\ooc assigment 2 test 1.0.cpp(532,2): error C4996: 'strcpy': This function or variable may be unsafe. Consider using strcpy_s instead. To disable deprecation, use _CRT_SECURE_NO_WARNINGS. See online help for details.
C:\Users\lasit\Desktop\test program\C++\ooc assigment 2 test 1.0\ooc assigment 2 test 1.0\ooc assigment 2 test 1.0.cpp(533,2): error C4996: 'strcpy': This function or variable may be unsafe. Consider using strcpy_s instead. To disable deprecation, use _CRT_SECURE_NO_WARNINGS. See online help for details.
C:\Users\lasit\Desktop\test program\C++\ooc assigment 2 test 1.0\ooc assigment 2 test 1.0\ooc assigment 2 test 1.0.cpp(535,2): error C4996: 'strcpy': This function or variable may be unsafe. Consider using strcpy_s instead. To disable deprecation, use _CRT_SECURE_NO_WARNINGS. See online help for details.
C:\Users\lasit\Desktop\test program\C++\ooc assigment 2 test 1.0\ooc assigment 2 test 1.0\ooc assigment 2 test 1.0.cpp(564,2): error C4996: 'strcpy': This function or variable may be unsafe. Consider using strcpy_s instead. To disable deprecation, use _CRT_SECURE_NO_WARNINGS. See online help for details.
C:\Users\lasit\Desktop\test program\C++\ooc assigment 2 test 1.0\ooc assigment 2 test 1.0\ooc assigment 2 test 1.0.cpp(606,2): error C4996: 'strcpy': This function or variable may be unsafe. Consider using strcpy_s instead. To disable deprecation, use _CRT_SECURE_NO_WARNINGS. See online help for details.
C:\Users\lasit\Desktop\test program\C++\ooc assigment 2 test 1.0\ooc assigment 2 test 1.0\ooc assigment 2 test 1.0.cpp(607,2): error C4996: 'strcpy': This function or variable may be unsafe. Consider using strcpy_s instead. To disable deprecation, use _CRT_SECURE_NO_WARNINGS. See online help for details.
C:\Users\lasit\Desktop\test program\C++\ooc assigment 2 test 1.0\ooc assigment 2 test 1.0\ooc assigment 2 test 1.0.cpp(681,2): error C4996: 'strcpy': This function or variable may be unsafe. Consider using strcpy_s instead. To disable deprecation, use _CRT_SECURE_NO_WARNINGS. See online help for details.
C:\Users\lasit\Desktop\test program\C++\ooc assigment 2 test 1.0\ooc assigment 2 test 1.0\ooc assigment 2 test 1.0.cpp(704,75): error C2001: newline in constant
C:\Users\lasit\Desktop\test program\C++\ooc assigment 2 test 1.0\ooc assigment 2 test 1.0\ooc assigment 2 test 1.0.cpp(705,3): error C2146: syntax error: missing ')' before identifier 'Bannon'
C:\Users\lasit\Desktop\test program\C++\ooc assigment 2 test 1.0\ooc assigment 2 test 1.0\ooc assigment 2 test 1.0.cpp(704,44): error C2661: 'Administration::Administration': no overloaded function takes 3 arguments
C:\Users\lasit\Desktop\test program\C++\ooc assigment 2 test 1.0\ooc assigment 2 test 1.0\ooc assigment 2 test 1.0.cpp(705,3): error C2146: syntax error: missing ';' before identifier 'Bannon'
C:\Users\lasit\Desktop\test program\C++\ooc assigment 2 test 1.0\ooc assigment 2 test 1.0\ooc assigment 2 test 1.0.cpp(705,3): error C2065: 'Bannon': undeclared identifier
C:\Users\lasit\Desktop\test program\C++\ooc assigment 2 test 1.0\ooc assigment 2 test 1.0\ooc assigment 2 test 1.0.cpp(705,9): error C2143: syntax error: missing ';' before 'user-defined string literal'
C:\Users\lasit\Desktop\test program\C++\ooc assigment 2 test 1.0\ooc assigment 2 test 1.0\ooc assigment 2 test 1.0.cpp(705,23): error C2018: unknown character '0x40'
C:\Users\lasit\Desktop\test program\C++\ooc assigment 2 test 1.0\ooc assigment 2 test 1.0\ooc assigment 2 test 1.0.cpp(705,31): error C3688: invalid literal suffix 'JackBannon'; literal operator or literal operator template 'operator ""JackBannon' not found
C:\Users\lasit\Desktop\test program\C++\ooc assigment 2 test 1.0\ooc assigment 2 test 1.0\ooc assigment 2 test 1.0.cpp(705,24): error C2146: syntax error: missing ';' before identifier 'example'
C:\Users\lasit\Desktop\test program\C++\ooc assigment 2 test 1.0\ooc assigment 2 test 1.0\ooc assigment 2 test 1.0.cpp(705,24): error C2065: 'example': undeclared identifier
C:\Users\lasit\Desktop\test program\C++\ooc assigment 2 test 1.0\ooc assigment 2 test 1.0\ooc assigment 2 test 1.0.cpp(705,35): error C2001: newline in constant
C:\Users\lasit\Desktop\test program\C++\ooc assigment 2 test 1.0\ooc assigment 2 test 1.0\ooc assigment 2 test 1.0.cpp(705,35): error C2143: syntax error: missing ';' before 'string'
C:\Users\lasit\Desktop\test program\C++\ooc assigment 2 test 1.0\ooc assigment 2 test 1.0\ooc assigment 2 test 1.0.cpp(706,3): error C2146: syntax error: missing ';' before identifier 'Rider'
C:\Users\lasit\Desktop\test program\C++\ooc assigment 2 test 1.0\ooc assigment 2 test 1.0\ooc assigment 2 test 1.0.cpp(709,57): error C2001: newline in constant
C:\Users\lasit\Desktop\test program\C++\ooc assigment 2 test 1.0\ooc assigment 2 test 1.0\ooc assigment 2 test 1.0.cpp(710,3): error C2146: syntax error: missing ')' before identifier 'extra'
C:\Users\lasit\Desktop\test program\C++\ooc assigment 2 test 1.0\ooc assigment 2 test 1.0\ooc assigment 2 test 1.0.cpp(710,3): error C2146: syntax error: missing ';' before identifier 'extra'
C:\Users\lasit\Desktop\test program\C++\ooc assigment 2 test 1.0\ooc assigment 2 test 1.0\ooc assigment 2 test 1.0.cpp(710,3): error C2065: 'extra': undeclared identifier
C:\Users\lasit\Desktop\test program\C++\ooc assigment 2 test 1.0\ooc assigment 2 test 1.0\ooc assigment 2 test 1.0.cpp(710,9): error C2146: syntax error: missing ';' before identifier 'money'
C:\Users\lasit\Desktop\test program\C++\ooc assigment 2 test 1.0\ooc assigment 2 test 1.0\ooc assigment 2 test 1.0.cpp(710,9): error C2065: 'money': undeclared identifier
C:\Users\lasit\Desktop\test program\C++\ooc assigment 2 test 1.0\ooc assigment 2 test 1.0\ooc assigment 2 test 1.0.cpp(710,15): error C2146: syntax error: missing ';' before identifier 'by'
C:\Users\lasit\Desktop\test program\C++\ooc assigment 2 test 1.0\ooc assigment 2 test 1.0\ooc assigment 2 test 1.0.cpp(710,15): error C2065: 'by': undeclared identifier
C:\Users\lasit\Desktop\test program\C++\ooc assigment 2 test 1.0\ooc assigment 2 test 1.0\ooc assigment 2 test 1.0.cpp(710,18): error C2146: syntax error: missing ';' before identifier 'driving'
C:\Users\lasit\Desktop\test program\C++\ooc assigment 2 test 1.0\ooc assigment 2 test 1.0\ooc assigment 2 test 1.0.cpp(710,18): error C2065: 'driving': undeclared identifier
C:\Users\lasit\Desktop\test program\C++\ooc assigment 2 test 1.0\ooc assigment 2 test 1.0\ooc assigment 2 test 1.0.cpp(710,26): error C2146: syntax error: missing ';' before identifier 'you'
C:\Users\lasit\Desktop\test program\C++\ooc assigment 2 test 1.0\ooc assigment 2 test 1.0\ooc assigment 2 test 1.0.cpp(710,26): error C2065: 'you': undeclared identifier
C:\Users\lasit\Desktop\test program\C++\ooc assigment 2 test 1.0\ooc assigment 2 test 1.0\ooc assigment 2 test 1.0.cpp(710,30): error C2146: syntax error: missing ';' before identifier 'guys'
C:\Users\lasit\Desktop\test program\C++\ooc assigment 2 test 1.0\ooc assigment 2 test 1.0\ooc assigment 2 test 1.0.cpp(710,30): error C2065: 'guys': undeclared identifier
C:\Users\lasit\Desktop\test program\C++\ooc assigment 2 test 1.0\ooc assigment 2 test 1.0\ooc assigment 2 test 1.0.cpp(710,35): error C2001: newline in constant
C:\Users\lasit\Desktop\test program\C++\ooc assigment 2 test 1.0\ooc assigment 2 test 1.0\ooc assigment 2 test 1.0.cpp(710,35): error C2059: syntax error: 'string'
C:\Users\lasit\Desktop\test program\C++\ooc assigment 2 test 1.0\ooc assigment 2 test 1.0\ooc assigment 2 test 1.0.cpp(714,71): error C2001: newline in constant
C:\Users\lasit\Desktop\test program\C++\ooc assigment 2 test 1.0\ooc assigment 2 test 1.0\ooc assigment 2 test 1.0.cpp(715,3): error C2146: syntax error: missing ')' before identifier 'Lincoln'
C:\Users\lasit\Desktop\test program\C++\ooc assigment 2 test 1.0\ooc assigment 2 test 1.0\ooc assigment 2 test 1.0.cpp(714,36): error C2661: 'Business::Business': no overloaded function takes 3 arguments
C:\Users\lasit\Desktop\test program\C++\ooc assigment 2 test 1.0\ooc assigment 2 test 1.0\ooc assigment 2 test 1.0.cpp(715,3): error C2146: syntax error: missing ';' before identifier 'Lincoln'
C:\Users\lasit\Desktop\test program\C++\ooc assigment 2 test 1.0\ooc assigment 2 test 1.0\ooc assigment 2 test 1.0.cpp(715,3): error C2065: 'Lincoln': undeclared identifier
C:\Users\lasit\Desktop\test program\C++\ooc assigment 2 test 1.0\ooc assigment 2 test 1.0\ooc assigment 2 test 1.0.cpp(715,10): error C2143: syntax error: missing ';' before 'user-defined string literal'
C:\Users\lasit\Desktop\test program\C++\ooc assigment 2 test 1.0\ooc assigment 2 test 1.0\ooc assigment 2 test 1.0.cpp(715,24): error C2018: unknown character '0x40'
C:\Users\lasit\Desktop\test program\C++\ooc assigment 2 test 1.0\ooc assigment 2 test 1.0\ooc assigment 2 test 1.0.cpp(715,28): error C3688: invalid literal suffix 'rickGrimrs'; literal operator or literal operator template 'operator ""rickGrimrs' not found
C:\Users\lasit\Desktop\test program\C++\ooc assigment 2 test 1.0\ooc assigment 2 test 1.0\ooc assigment 2 test 1.0.cpp(715,25): error C2146: syntax error: missing ';' before identifier 'TWD'
C:\Users\lasit\Desktop\test program\C++\ooc assigment 2 test 1.0\ooc assigment 2 test 1.0\ooc assigment 2 test 1.0.cpp(715,25): error C2065: 'TWD': undeclared identifier
C:\Users\lasit\Desktop\test program\C++\ooc assigment 2 test 1.0\ooc assigment 2 test 1.0\ooc assigment 2 test 1.0.cpp(715,32): error C2143: syntax error: missing ';' before 'string'
C:\Users\lasit\Desktop\test program\C++\ooc assigment 2 test 1.0\ooc assigment 2 test 1.0\ooc assigment 2 test 1.0.cpp(715,36): error C2041: illegal digit '8' for base '8'
C:\Users\lasit\Desktop\test program\C++\ooc assigment 2 test 1.0\ooc assigment 2 test 1.0\ooc assigment 2 test 1.0.cpp(715,36): error C2041: illegal digit '9' for base '8'
C:\Users\lasit\Desktop\test program\C++\ooc assigment 2 test 1.0\ooc assigment 2 test 1.0\ooc assigment 2 test 1.0.cpp(715,36): error C2143: syntax error: missing ';' before 'constant'
C:\Users\lasit\Desktop\test program\C++\ooc assigment 2 test 1.0\ooc assigment 2 test 1.0\ooc assigment 2 test 1.0.cpp(715,46): error C2143: syntax error: missing ';' before 'user-defined string literal'
C:\Users\lasit\Desktop\test program\C++\ooc assigment 2 test 1.0\ooc assigment 2 test 1.0\ooc assigment 2 test 1.0.cpp(715,57): error C3688: invalid literal suffix 'We'; literal operator or literal operator template 'operator ""We' not found
C:\Users\lasit\Desktop\test program\C++\ooc assigment 2 test 1.0\ooc assigment 2 test 1.0\ooc assigment 2 test 1.0.cpp(715,53): error C2146: syntax error: missing ';' before identifier 'are'
C:\Users\lasit\Desktop\test program\C++\ooc assigment 2 test 1.0\ooc assigment 2 test 1.0\ooc assigment 2 test 1.0.cpp(715,53): error C2065: 'are': undeclared identifier
C:\Users\lasit\Desktop\test program\C++\ooc assigment 2 test 1.0\ooc assigment 2 test 1.0\ooc assigment 2 test 1.0.cpp(715,57): error C2146: syntax error: missing ';' before identifier 'food'
C:\Users\lasit\Desktop\test program\C++\ooc assigment 2 test 1.0\ooc assigment 2 test 1.0\ooc assigment 2 test 1.0.cpp(715,57): error C2065: 'food': undeclared identifier
C:\Users\lasit\Desktop\test program\C++\ooc assigment 2 test 1.0\ooc assigment 2 test 1.0\ooc assigment 2 test 1.0.cpp(715,62): error C2146: syntax error: missing ';' before identifier 'delivery'
C:\Users\lasit\Desktop\test program\C++\ooc assigment 2 test 1.0\ooc assigment 2 test 1.0\ooc assigment 2 test 1.0.cpp(715,62): error C2065: 'delivery': undeclared identifier
C:\Users\lasit\Desktop\test program\C++\ooc assigment 2 test 1.0\ooc assigment 2 test 1.0\ooc assigment 2 test 1.0.cpp(715,71): error C2146: syntax error: missing ';' before identifier 'system'
C:\Users\lasit\Desktop\test program\C++\ooc assigment 2 test 1.0\ooc assigment 2 test 1.0\ooc assigment 2 test 1.0.cpp(715,78): error C2146: syntax error: missing ';' before identifier 'we'
C:\Users\lasit\Desktop\test program\C++\ooc assigment 2 test 1.0\ooc assigment 2 test 1.0\ooc assigment 2 test 1.0.cpp(715,71): warning C4551: function call missing argument list
C:\Users\lasit\Desktop\test program\C++\ooc assigment 2 test 1.0\ooc assigment 2 test 1.0\ooc assigment 2 test 1.0.cpp(715,78): error C2065: 'we': undeclared identifier
C:\Users\lasit\Desktop\test program\C++\ooc assigment 2 test 1.0\ooc assigment 2 test 1.0\ooc assigment 2 test 1.0.cpp(715,81): error C2146: syntax error: missing ';' before identifier 'need'
C:\Users\lasit\Desktop\test program\C++\ooc assigment 2 test 1.0\ooc assigment 2 test 1.0\ooc assigment 2 test 1.0.cpp(715,81): error C2065: 'need': undeclared identifier
C:\Users\lasit\Desktop\test program\C++\ooc assigment 2 test 1.0\ooc assigment 2 test 1.0\ooc assigment 2 test 1.0.cpp(715,86): error C2146: syntax error: missing ';' before identifier 'to'
C:\Users\lasit\Desktop\test program\C++\ooc assigment 2 test 1.0\ooc assigment 2 test 1.0\ooc assigment 2 test 1.0.cpp(715,86): error C2065: 'to': undeclared identifier
C:\Users\lasit\Desktop\test program\C++\ooc assigment 2 test 1.0\ooc assigment 2 test 1.0\ooc assigment 2 test 1.0.cpp(716,3): error C2146: syntax error: missing ';' before identifier 'find'
C:\Users\lasit\Desktop\test program\C++\ooc assigment 2 test 1.0\ooc assigment 2 test 1.0\ooc assigment 2 test 1.0.cpp(716,8): error C2146: syntax error: missing ';' before identifier 'good'
C:\Users\lasit\Desktop\test program\C++\ooc assigment 2 test 1.0\ooc assigment 2 test 1.0\ooc assigment 2 test 1.0.cpp(716,3): warning C4551: function call missing argument list
C:\Users\lasit\Desktop\test program\C++\ooc assigment 2 test 1.0\ooc assigment 2 test 1.0\ooc assigment 2 test 1.0.cpp(716,8): error C2065: 'good': undeclared identifier
C:\Users\lasit\Desktop\test program\C++\ooc assigment 2 test 1.0\ooc assigment 2 test 1.0\ooc assigment 2 test 1.0.cpp(716,13): error C2146: syntax error: missing ';' before identifier 'drivers'
C:\Users\lasit\Desktop\test program\C++\ooc assigment 2 test 1.0\ooc assigment 2 test 1.0\ooc assigment 2 test 1.0.cpp(716,13): error C2065: 'drivers': undeclared identifier
C:\Users\lasit\Desktop\test program\C++\ooc assigment 2 test 1.0\ooc assigment 2 test 1.0\ooc assigment 2 test 1.0.cpp(716,21): error C2146: syntax error: missing ';' before identifier 'to'
C:\Users\lasit\Desktop\test program\C++\ooc assigment 2 test 1.0\ooc assigment 2 test 1.0\ooc assigment 2 test 1.0.cpp(716,21): error C2065: 'to': undeclared identifier
C:\Users\lasit\Desktop\test program\C++\ooc assigment 2 test 1.0\ooc assigment 2 test 1.0\ooc assigment 2 test 1.0.cpp(716,24): error C2146: syntax error: missing ';' before identifier 'deliver'
C:\Users\lasit\Desktop\test program\C++\ooc assigment 2 test 1.0\ooc assigment 2 test 1.0\ooc assigment 2 test 1.0.cpp(716,24): error C2065: 'deliver': undeclared identifier
C:\Users\lasit\Desktop\test program\C++\ooc assigment 2 test 1.0\ooc assigment 2 test 1.0\ooc assigment 2 test 1.0.cpp(716,32): error C2146: syntax error: missing ';' before identifier 'our'
C:\Users\lasit\Desktop\test program\C++\ooc assigment 2 test 1.0\ooc assigment 2 test 1.0\ooc assigment 2 test 1.0.cpp(716,32): error C2065: 'our': undeclared identifier
C:\Users\lasit\Desktop\test program\C++\ooc assigment 2 test 1.0\ooc assigment 2 test 1.0\ooc assigment 2 test 1.0.cpp(716,36): error C2146: syntax error: missing ';' before identifier 'foods'
C:\Users\lasit\Desktop\test program\C++\ooc assigment 2 test 1.0\ooc assigment 2 test 1.0\ooc assigment 2 test 1.0.cpp(716,36): error C2065: 'foods': undeclared identifier
C:\Users\lasit\Desktop\test program\C++\ooc assigment 2 test 1.0\ooc assigment 2 test 1.0\ooc assigment 2 test 1.0.cpp(716,42): error C2146: syntax error: missing ';' before identifier 'to'
C:\Users\lasit\Desktop\test program\C++\ooc assigment 2 test 1.0\ooc assigment 2 test 1.0\ooc assigment 2 test 1.0.cpp(716,42): error C2065: 'to': undeclared identifier
C:\Users\lasit\Desktop\test program\C++\ooc assigment 2 test 1.0\ooc assigment 2 test 1.0\ooc assigment 2 test 1.0.cpp(716,45): error C2146: syntax error: missing ';' before identifier 'our'
C:\Users\lasit\Desktop\test program\C++\ooc assigment 2 test 1.0\ooc assigment 2 test 1.0\ooc assigment 2 test 1.0.cpp(716,58): error C2001: newline in constant
C:\Users\lasit\Desktop\test program\C++\ooc assigment 2 test 1.0\ooc assigment 2 test 1.0\ooc assigment 2 test 1.0.cpp(716,58): error C2015: too many characters in constant
C:\Users\lasit\Desktop\test program\C++\ooc assigment 2 test 1.0\ooc assigment 2 test 1.0\ooc assigment 2 test 1.0.cpp(716,45): error C2065: 'our': undeclared identifier
C:\Users\lasit\Desktop\test program\C++\ooc assigment 2 test 1.0\ooc assigment 2 test 1.0\ooc assigment 2 test 1.0.cpp(716,49): error C2146: syntax error: missing ';' before identifier 'customers'
C:\Users\lasit\Desktop\test program\C++\ooc assigment 2 test 1.0\ooc assigment 2 test 1.0\ooc assigment 2 test 1.0.cpp(716,49): error C2065: 'customers': undeclared identifier
C:\Users\lasit\Desktop\test program\C++\ooc assigment 2 test 1.0\ooc assigment 2 test 1.0\ooc assigment 2 test 1.0.cpp(716,58): error C2143: syntax error: missing ';' before 'constant'
C:\Users\lasit\Desktop\test program\C++\ooc assigment 2 test 1.0\ooc assigment 2 test 1.0\ooc assigment 2 test 1.0.cpp(718,3): error C2143: syntax error: missing ';' before 'delete'
C:\Users\lasit\Desktop\test program\C++\ooc assigment 2 test 1.0\ooc assigment 2 test 1.0\ooc assigment 2 test 1.0.cpp(721,9): error C2065: 'agent': undeclared identifier
C:\Users\lasit\Desktop\test program\C++\ooc assigment 2 test 1.0\ooc assigment 2 test 1.0\ooc assigment 2 test 1.0.cpp(721,14): error C2541: 'delete': cannot delete objects that are not pointers
C:\Users\lasit\Desktop\test program\C++\ooc assigment 2 test 1.0\ooc assigment 2 test 1.0\ooc assigment 2 test 1.0.cpp(725,10): error C3927: '->': trailing return type is not allowed after a non-function declarator
C:\Users\lasit\Desktop\test program\C++\ooc assigment 2 test 1.0\ooc assigment 2 test 1.0\ooc assigment 2 test 1.0.cpp(725,10): error C3484: syntax error: expected '->' before the return type
C:\Users\lasit\Desktop\test program\C++\ooc assigment 2 test 1.0\ooc assigment 2 test 1.0\ooc assigment 2 test 1.0.cpp(727,1): error C3613: missing return type after '->' ('int' assumed)
C:\Users\lasit\Desktop\test program\C++\ooc assigment 2 test 1.0\ooc assigment 2 test 1.0\ooc assigment 2 test 1.0.cpp(727,9): error C4430: missing type specifier - int assumed. Note: C++ does not support default-int
C:\Users\lasit\Desktop\test program\C++\ooc assigment 2 test 1.0\ooc assigment 2 test 1.0\ooc assigment 2 test 1.0.cpp(727,1): error C2146: syntax error: missing ';' before identifier 'created'
